This is pdfTeX, Version 3.1415926-2.5-1.40.14 (MiKTeX 2.9 64-bit) (preloaded format=pdflatex 2014.12.8)  12 JUL 2015 11:12
entering extended mode
**pve_manuscript.tex
(C:\Users\90919620\github_repos\pve_manuscript\manuscript\pve_manuscript.tex
LaTeX2e <2011/06/27>
Babel <v3.8m> and hyphenation patterns for english, afrikaans, ancientgreek, ar
abic, armenian, assamese, basque, bengali, bokmal, bulgarian, catalan, coptic, 
croatian, czech, danish, dutch, esperanto, estonian, farsi, finnish, french, ga
lician, german, german-x-2013-05-26, greek, gujarati, hindi, hungarian, iceland
ic, indonesian, interlingua, irish, italian, kannada, kurmanji, latin, latvian,
 lithuanian, malayalam, marathi, mongolian, mongolianlmc, monogreek, ngerman, n
german-x-2013-05-26, nynorsk, oriya, panjabi, pinyin, polish, portuguese, roman
ian, russian, sanskrit, serbian, slovak, slovenian, spanish, swedish, swissgerm
an, tamil, telugu, turkish, turkmen, ukenglish, ukrainian, uppersorbian, usengl
ishmax, welsh, loaded.
("C:\Program Files\MiKTeX 2.9\tex\latex\base\article.cls"
Document Class: article 2007/10/19 v1.4h Standard LaTeX document class
("C:\Program Files\MiKTeX 2.9\tex\latex\base\size10.clo"
File: size10.clo 2007/10/19 v1.4h Standard LaTeX file (size option)
)
\c@part=\count79
\c@section=\count80
\c@subsection=\count81
\c@subsubsection=\count82
\c@paragraph=\count83
\c@subparagraph=\count84
\c@figure=\count85
\c@table=\count86
\abovecaptionskip=\skip41
\belowcaptionskip=\skip42
\bibindent=\dimen102
)
("C:\Program Files\MiKTeX 2.9\tex\latex\graphics\graphicx.sty"
Package: graphicx 1999/02/16 v1.0f Enhanced LaTeX Graphics (DPC,SPQR)

("C:\Program Files\MiKTeX 2.9\tex\latex\graphics\keyval.sty"
Package: keyval 1999/03/16 v1.13 key=value parser (DPC)
\KV@toks@=\toks14
)
("C:\Program Files\MiKTeX 2.9\tex\latex\graphics\graphics.sty"
Package: graphics 2009/02/05 v1.0o Standard LaTeX Graphics (DPC,SPQR)

("C:\Program Files\MiKTeX 2.9\tex\latex\graphics\trig.sty"
Package: trig 1999/03/16 v1.09 sin cos tan (DPC)
)
("C:\Program Files\MiKTeX 2.9\tex\latex\00miktex\graphics.cfg"
File: graphics.cfg 2007/01/18 v1.5 graphics configuration of teTeX/TeXLive
)
Package graphics Info: Driver file: pdftex.def on input line 91.

("C:\Program Files\MiKTeX 2.9\tex\latex\pdftex-def\pdftex.def"
File: pdftex.def 2011/05/27 v0.06d Graphics/color for pdfTeX

("C:\Program Files\MiKTeX 2.9\tex\generic\oberdiek\infwarerr.sty"
Package: infwarerr 2010/04/08 v1.3 Providing info/warning/error messages (HO)
)
("C:\Program Files\MiKTeX 2.9\tex\generic\oberdiek\ltxcmds.sty"
Package: ltxcmds 2011/11/09 v1.22 LaTeX kernel commands for general use (HO)
)
\Gread@gobject=\count87
))
\Gin@req@height=\dimen103
\Gin@req@width=\dimen104
)
("C:\Program Files\MiKTeX 2.9\tex\latex\graphics\color.sty"
Package: color 2005/11/14 v1.0j Standard LaTeX Color (DPC)

("C:\Program Files\MiKTeX 2.9\tex\latex\00miktex\color.cfg"
File: color.cfg 2007/01/18 v1.5 color configuration of teTeX/TeXLive
)
Package color Info: Driver file: pdftex.def on input line 130.
)
(C:\Users\90919620\AppData\Roaming\MiKTeX\2.9\tex\latex\framed\framed.sty
Package: framed 2011/10/22 v 0.96: framed or shaded text with page breaks
\OuterFrameSep=\skip43
\fb@frw=\dimen105
\fb@frh=\dimen106
\FrameRule=\dimen107
\FrameSep=\dimen108
)
("C:\Program Files\MiKTeX 2.9\tex\latex\base\alltt.sty"
Package: alltt 1997/06/16 v2.0g defines alltt environment
)
("C:\Program Files\MiKTeX 2.9\tex\latex\amsfonts\amssymb.sty"
Package: amssymb 2013/01/14 v3.01 AMS font symbols

("C:\Program Files\MiKTeX 2.9\tex\latex\amsfonts\amsfonts.sty"
Package: amsfonts 2013/01/14 v3.01 Basic AMSFonts support
\@emptytoks=\toks15
\symAMSa=\mathgroup4
\symAMSb=\mathgroup5
LaTeX Font Info:    Overwriting math alphabet `\mathfrak' in version `bold'
(Font)                  U/euf/m/n --> U/euf/b/n on input line 106.
))
("C:\Program Files\MiKTeX 2.9\tex\latex\amsmath\amsmath.sty"
Package: amsmath 2013/01/14 v2.14 AMS math features
\@mathmargin=\skip44

For additional information on amsmath, use the `?' option.
("C:\Program Files\MiKTeX 2.9\tex\latex\amsmath\amstext.sty"
Package: amstext 2000/06/29 v2.01

("C:\Program Files\MiKTeX 2.9\tex\latex\amsmath\amsgen.sty"
File: amsgen.sty 1999/11/30 v2.0
\@emptytoks=\toks16
\ex@=\dimen109
))
("C:\Program Files\MiKTeX 2.9\tex\latex\amsmath\amsbsy.sty"
Package: amsbsy 1999/11/29 v1.2d
\pmbraise@=\dimen110
)
("C:\Program Files\MiKTeX 2.9\tex\latex\amsmath\amsopn.sty"
Package: amsopn 1999/12/14 v2.01 operator names
)
\inf@bad=\count88
LaTeX Info: Redefining \frac on input line 210.
\uproot@=\count89
\leftroot@=\count90
LaTeX Info: Redefining \overline on input line 306.
\classnum@=\count91
\DOTSCASE@=\count92
LaTeX Info: Redefining \ldots on input line 378.
LaTeX Info: Redefining \dots on input line 381.
LaTeX Info: Redefining \cdots on input line 466.
\Mathstrutbox@=\box26
\strutbox@=\box27
\big@size=\dimen111
LaTeX Font Info:    Redeclaring font encoding OML on input line 566.
LaTeX Font Info:    Redeclaring font encoding OMS on input line 567.
\macc@depth=\count93
\c@MaxMatrixCols=\count94
\dotsspace@=\muskip10
\c@parentequation=\count95
\dspbrk@lvl=\count96
\tag@help=\toks17
\row@=\count97
\column@=\count98
\maxfields@=\count99
\andhelp@=\toks18
\eqnshift@=\dimen112
\alignsep@=\dimen113
\tagshift@=\dimen114
\tagwidth@=\dimen115
\totwidth@=\dimen116
\lineht@=\dimen117
\@envbody=\toks19
\multlinegap=\skip45
\multlinetaggap=\skip46
\mathdisplay@stack=\toks20
LaTeX Info: Redefining \[ on input line 2665.
LaTeX Info: Redefining \] on input line 2666.
)
("C:\Program Files\MiKTeX 2.9\tex\latex\base\textcomp.sty"
Package: textcomp 2005/09/27 v1.99g Standard LaTeX package
Package textcomp Info: Sub-encoding information:
(textcomp)               5 = only ISO-Adobe without \textcurrency
(textcomp)               4 = 5 + \texteuro
(textcomp)               3 = 4 + \textohm
(textcomp)               2 = 3 + \textestimated + \textcurrency
(textcomp)               1 = TS1 - \textcircled - \t
(textcomp)               0 = TS1 (full)
(textcomp)             Font families with sub-encoding setting implement
(textcomp)             only a restricted character set as indicated.
(textcomp)             Family '?' is the default used for unknown fonts.
(textcomp)             See the documentation for details.
Package textcomp Info: Setting ? sub-encoding to TS1/1 on input line 71.

("C:\Program Files\MiKTeX 2.9\tex\latex\base\ts1enc.def"
File: ts1enc.def 2001/06/05 v3.0e (jk/car/fm) Standard LaTeX file
)
LaTeX Info: Redefining \oldstylenums on input line 266.
Package textcomp Info: Setting cmr sub-encoding to TS1/0 on input line 281.
Package textcomp Info: Setting cmss sub-encoding to TS1/0 on input line 282.
Package textcomp Info: Setting cmtt sub-encoding to TS1/0 on input line 283.
Package textcomp Info: Setting cmvtt sub-encoding to TS1/0 on input line 284.
Package textcomp Info: Setting cmbr sub-encoding to TS1/0 on input line 285.
Package textcomp Info: Setting cmtl sub-encoding to TS1/0 on input line 286.
Package textcomp Info: Setting ccr sub-encoding to TS1/0 on input line 287.
Package textcomp Info: Setting ptm sub-encoding to TS1/4 on input line 288.
Package textcomp Info: Setting pcr sub-encoding to TS1/4 on input line 289.
Package textcomp Info: Setting phv sub-encoding to TS1/4 on input line 290.
Package textcomp Info: Setting ppl sub-encoding to TS1/3 on input line 291.
Package textcomp Info: Setting pag sub-encoding to TS1/4 on input line 292.
Package textcomp Info: Setting pbk sub-encoding to TS1/4 on input line 293.
Package textcomp Info: Setting pnc sub-encoding to TS1/4 on input line 294.
Package textcomp Info: Setting pzc sub-encoding to TS1/4 on input line 295.
Package textcomp Info: Setting bch sub-encoding to TS1/4 on input line 296.
Package textcomp Info: Setting put sub-encoding to TS1/5 on input line 297.
Package textcomp Info: Setting uag sub-encoding to TS1/5 on input line 298.
Package textcomp Info: Setting ugq sub-encoding to TS1/5 on input line 299.
Package textcomp Info: Setting ul8 sub-encoding to TS1/4 on input line 300.
Package textcomp Info: Setting ul9 sub-encoding to TS1/4 on input line 301.
Package textcomp Info: Setting augie sub-encoding to TS1/5 on input line 302.
Package textcomp Info: Setting dayrom sub-encoding to TS1/3 on input line 303.
Package textcomp Info: Setting dayroms sub-encoding to TS1/3 on input line 304.

Package textcomp Info: Setting pxr sub-encoding to TS1/0 on input line 305.
Package textcomp Info: Setting pxss sub-encoding to TS1/0 on input line 306.
Package textcomp Info: Setting pxtt sub-encoding to TS1/0 on input line 307.
Package textcomp Info: Setting txr sub-encoding to TS1/0 on input line 308.
Package textcomp Info: Setting txss sub-encoding to TS1/0 on input line 309.
Package textcomp Info: Setting txtt sub-encoding to TS1/0 on input line 310.
Package textcomp Info: Setting lmr sub-encoding to TS1/0 on input line 311.
Package textcomp Info: Setting lmdh sub-encoding to TS1/0 on input line 312.
Package textcomp Info: Setting lmss sub-encoding to TS1/0 on input line 313.
Package textcomp Info: Setting lmssq sub-encoding to TS1/0 on input line 314.
Package textcomp Info: Setting lmvtt sub-encoding to TS1/0 on input line 315.
Package textcomp Info: Setting qhv sub-encoding to TS1/0 on input line 316.
Package textcomp Info: Setting qag sub-encoding to TS1/0 on input line 317.
Package textcomp Info: Setting qbk sub-encoding to TS1/0 on input line 318.
Package textcomp Info: Setting qcr sub-encoding to TS1/0 on input line 319.
Package textcomp Info: Setting qcs sub-encoding to TS1/0 on input line 320.
Package textcomp Info: Setting qpl sub-encoding to TS1/0 on input line 321.
Package textcomp Info: Setting qtm sub-encoding to TS1/0 on input line 322.
Package textcomp Info: Setting qzc sub-encoding to TS1/0 on input line 323.
Package textcomp Info: Setting qhvc sub-encoding to TS1/0 on input line 324.
Package textcomp Info: Setting futs sub-encoding to TS1/4 on input line 325.
Package textcomp Info: Setting futx sub-encoding to TS1/4 on input line 326.
Package textcomp Info: Setting futj sub-encoding to TS1/4 on input line 327.
Package textcomp Info: Setting hlh sub-encoding to TS1/3 on input line 328.
Package textcomp Info: Setting hls sub-encoding to TS1/3 on input line 329.
Package textcomp Info: Setting hlst sub-encoding to TS1/3 on input line 330.
Package textcomp Info: Setting hlct sub-encoding to TS1/5 on input line 331.
Package textcomp Info: Setting hlx sub-encoding to TS1/5 on input line 332.
Package textcomp Info: Setting hlce sub-encoding to TS1/5 on input line 333.
Package textcomp Info: Setting hlcn sub-encoding to TS1/5 on input line 334.
Package textcomp Info: Setting hlcw sub-encoding to TS1/5 on input line 335.
Package textcomp Info: Setting hlcf sub-encoding to TS1/5 on input line 336.
Package textcomp Info: Setting pplx sub-encoding to TS1/3 on input line 337.
Package textcomp Info: Setting pplj sub-encoding to TS1/3 on input line 338.
Package textcomp Info: Setting ptmx sub-encoding to TS1/4 on input line 339.
Package textcomp Info: Setting ptmj sub-encoding to TS1/4 on input line 340.
)
("C:\Program Files\MiKTeX 2.9\tex\latex\ltxmisc\parskip.sty"
Package: parskip 2001/04/09 non-zero parskip adjustments
)
(C:\Users\90919620\AppData\Roaming\MiKTeX\2.9\tex\latex\opensans\opensans.sty
Package: opensans 2011/11/11 Opensans

(C:\Users\90919620\AppData\Roaming\MiKTeX\2.9\tex\latex\slantsc\slantsc.sty
Package: slantsc 2012/01/01 v2.11 Provide Slanted an Italic Small Caps

("C:\Program Files\MiKTeX 2.9\tex\latex\base\ifthen.sty"
Package: ifthen 2001/05/26 v1.1c Standard LaTeX ifthen package (DPC)
)
LaTeX Info: Redefining \upshape on input line 35.
LaTeX Info: Redefining \slshape on input line 45.
LaTeX Info: Redefining \itshape on input line 55.
LaTeX Info: Redefining \scshape on input line 65.
))
(C:\Users\90919620\AppData\Roaming\MiKTeX\2.9\tex\latex\preprint\authblk.sty
Package: authblk 2001/02/27 1.3 (PWD)
\affilsep=\skip47
\@affilsep=\skip48
\c@Maxaffil=\count100
\c@authors=\count101
\c@affil=\count102
)
(C:\Users\90919620\AppData\Roaming\MiKTeX\2.9\tex\latex\natbib\natbib.sty
Package: natbib 2010/09/13 8.31b (PWD, AO)
\bibhang=\skip49
\bibsep=\skip50
LaTeX Info: Redefining \cite on input line 694.
\c@NAT@ctr=\count103
)
(C:\Users\90919620\AppData\Roaming\MiKTeX\2.9\tex\latex\was\gensymb.sty
Package: gensymb 2003/07/02 v1.0 (WaS)
)
(C:\Users\90919620\AppData\Roaming\MiKTeX\2.9\tex\latex\lineno\lineno.sty
Package: lineno 2005/11/02 line numbers on paragraphs v4.41
\linenopenalty=\count104
\output=\toks21
\linenoprevgraf=\count105
\linenumbersep=\dimen118
\linenumberwidth=\dimen119
\c@linenumber=\count106
\c@pagewiselinenumber=\count107
\c@LN@truepage=\count108
\c@internallinenumber=\count109
\c@internallinenumbers=\count110
\quotelinenumbersep=\dimen120
\bframerule=\dimen121
\bframesep=\dimen122
\bframebox=\box28
LaTeX Info: Redefining \\ on input line 3056.
)
("C:\Program Files\MiKTeX 2.9\tex\latex\geometry\geometry.sty"
Package: geometry 2010/09/12 v5.6 Page Geometry

("C:\Program Files\MiKTeX 2.9\tex\generic\oberdiek\ifpdf.sty"
Package: ifpdf 2011/01/30 v2.3 Provides the ifpdf switch (HO)
Package ifpdf Info: pdfTeX in PDF mode is detected.
)
("C:\Program Files\MiKTeX 2.9\tex\generic\oberdiek\ifvtex.sty"
Package: ifvtex 2010/03/01 v1.5 Detect VTeX and its facilities (HO)
Package ifvtex Info: VTeX not detected.
)
("C:\Program Files\MiKTeX 2.9\tex\generic\ifxetex\ifxetex.sty"
Package: ifxetex 2010/09/12 v0.6 Provides ifxetex conditional
)
\Gm@cnth=\count111
\Gm@cntv=\count112
\c@Gm@tempcnt=\count113
\Gm@bindingoffset=\dimen123
\Gm@wd@mp=\dimen124
\Gm@odd@mp=\dimen125
\Gm@even@mp=\dimen126
\Gm@layoutwidth=\dimen127
\Gm@layoutheight=\dimen128
\Gm@layouthoffset=\dimen129
\Gm@layoutvoffset=\dimen130
\Gm@dimlist=\toks22

("C:\Program Files\MiKTeX 2.9\tex\latex\geometry\geometry.cfg"))
("C:\Program Files\MiKTeX 2.9\tex\latex\base\fixltx2e.sty"
Package: fixltx2e 2006/09/13 v1.1m fixes to LaTeX
LaTeX Info: Redefining \em on input line 420.
LaTeX Info: The control sequence `\[' is already robust on input line 471.
LaTeX Info: The control sequence `\]' is already robust on input line 472.
)
(C:\Users\90919620\AppData\Roaming\MiKTeX\2.9\tex\latex\rotating\rotating.sty
Package: rotating 2009/03/28 v2.16a rotated objects in LaTeX
\c@r@tfl@t=\count114
\rotFPtop=\skip51
\rotFPbot=\skip52
\rot@float@box=\box29
\rot@mess@toks=\toks23
)
(C:\Users\90919620\AppData\Roaming\MiKTeX\2.9\tex\latex\caption\caption.sty
Package: caption 2013/05/02 v3.3-89 Customizing captions (AR)

(C:\Users\90919620\AppData\Roaming\MiKTeX\2.9\tex\latex\caption\caption3.sty
Package: caption3 2013/05/02 v1.6-88 caption3 kernel (AR)
Package caption3 Info: TeX engine: e-TeX on input line 57.
\captionmargin=\dimen131
\captionmargin@=\dimen132
\captionwidth=\dimen133
\caption@tempdima=\dimen134
\caption@indent=\dimen135
\caption@parindent=\dimen136
\caption@hangindent=\dimen137
)
\c@ContinuedFloat=\count115
Package caption Info: rotating package is loaded.
)
(C:\Users\90919620\AppData\Roaming\MiKTeX\2.9\tex\latex\textgreek\textgreek.sty
Package: textgreek 2011/10/09 v0.7 Greek symbols in text
Package textgreek Info: Loading the definitions for the Greek fontencoding. on 
input line 39.

(C:\Users\90919620\AppData\Roaming\MiKTeX\2.9\tex\latex\greek-fontenc\lgrenc.de
f
File: lgrenc.def 2013/07/16 v0.9 LGR Greek font encoding definitions

(C:\Users\90919620\AppData\Roaming\MiKTeX\2.9\tex\latex\greek-fontenc\greek-fon
tenc.def
File: greek-fontenc.def 2013/11/28 v0.11 Common Greek font encoding definitions

))
Package textgreek Info: Loaded fontmap: {eur/*/*}{U/eur/*/*} {phv/*/*}{U/psy/*/
*}. on input line 69.
)
(C:\Users\90919620\AppData\Roaming\MiKTeX\2.9\tex\latex\upquote\upquote.sty
Package: upquote 2012/04/19 v1.3 upright-quote and grave-accent glyphs in verba
tim
)
(C:\Users\90919620\github_repos\pve_manuscript\manuscript\pve_manuscript.aux)
LaTeX Font Info:    Checking defaults for OML/cmm/m/it on input line 103.
LaTeX Font Info:    ... okay on input line 103.
LaTeX Font Info:    Checking defaults for T1/cmr/m/n on input line 103.
LaTeX Font Info:    ... okay on input line 103.
LaTeX Font Info:    Checking defaults for OT1/cmr/m/n on input line 103.
LaTeX Font Info:    ... okay on input line 103.
LaTeX Font Info:    Checking defaults for OMS/cmsy/m/n on input line 103.
LaTeX Font Info:    ... okay on input line 103.
LaTeX Font Info:    Checking defaults for OMX/cmex/m/n on input line 103.
LaTeX Font Info:    ... okay on input line 103.
LaTeX Font Info:    Checking defaults for U/cmr/m/n on input line 103.
LaTeX Font Info:    ... okay on input line 103.
LaTeX Font Info:    Checking defaults for TS1/cmr/m/n on input line 103.
LaTeX Font Info:    Try loading font information for TS1+cmr on input line 103.


("C:\Program Files\MiKTeX 2.9\tex\latex\base\ts1cmr.fd"
File: ts1cmr.fd 1999/05/25 v2.5h Standard LaTeX font definitions
)
LaTeX Font Info:    ... okay on input line 103.
LaTeX Font Info:    Checking defaults for LGR/cmr/m/n on input line 103.
LaTeX Font Info:    Try loading font information for LGR+cmr on input line 103.


(C:\Users\90919620\AppData\Roaming\MiKTeX\2.9\tex\latex\cbfonts-fd\lgrcmr.fd
File: lgrcmr.fd 2013/09/01 v1.0 Greek European Computer Regular
)
LaTeX Font Info:    ... okay on input line 103.
LaTeX Font Info:    Try loading font information for OT1+fosj on input line 103
.

(C:\Users\90919620\AppData\Roaming\MiKTeX\2.9\tex\latex\opensans\ot1fosj.fd
File: ot1fosj.fd 2011/11/11 Fontinst v1.927 font definitions for OT1/fosj.
)
LaTeX Font Info:    Font shape `OT1/fosj/m/n' will be
(Font)              scaled to size 9.49997pt on input line 103.

(C:\Users\90919620\AppData\Roaming\MiKTeX\2.9\tex\context\base\supp-pdf.mkii
[Loading MPS to PDF converter (version 2006.09.02).]
\scratchcounter=\count116
\scratchdimen=\dimen138
\scratchbox=\box30
\nofMPsegments=\count117
\nofMParguments=\count118
\everyMPshowfont=\toks24
\MPscratchCnt=\count119
\MPscratchDim=\dimen139
\MPnumerator=\count120
\makeMPintoPDFobject=\count121
\everyMPtoPDFconversion=\toks25
)
\symgns@font=\mathgroup6
LaTeX Font Info:    Overwriting symbol font `gns@font' in version `bold'
(Font)                  TS1/fosj/m/n --> TS1/fosj/bx/n on input line 103.
Package gensymb Info: Math companion symbols declared on input line 103.
LaTeX Info: Redefining \degree on input line 103.
LaTeX Info: Redefining \celsius on input line 103.
Package gensymb Info: Using text companion symbols for \degree, \celsius and \p
erthousand on input line 103.
LaTeX Info: Redefining \ohm on input line 103.
Package gensymb Info: Using \textohm for \ohm on input line 103.
Package gensymb Info: Using \textmu for \micro on input line 103.

*geometry* driver: auto-detecting
*geometry* detected driver: pdftex
*geometry* verbose mode - [ preamble ] result:
* driver: pdftex
* paper: a4paper
* layout: <same size as paper>
* layoutoffset:(h,v)=(0.0pt,0.0pt)
* modes: 
* h-part:(L,W,R)=(85.35826pt, 426.79135pt, 85.35826pt)
* v-part:(T,H,B)=(85.35826pt, 674.33032pt, 85.35826pt)
* \paperwidth=597.50787pt
* \paperheight=845.04684pt
* \textwidth=426.79135pt
* \textheight=674.33032pt
* \oddsidemargin=13.08827pt
* \evensidemargin=13.08827pt
* \topmargin=-23.91173pt
* \headheight=12.0pt
* \headsep=25.0pt
* \topskip=10.0pt
* \footskip=30.0pt
* \marginparwidth=57.0pt
* \marginparsep=11.0pt
* \columnsep=10.0pt
* \skip\footins=9.0pt plus 4.0pt minus 2.0pt
* \hoffset=0.0pt
* \voffset=0.0pt
* \mag=1000
* \@twocolumnfalse
* \@twosidefalse
* \@mparswitchfalse
* \@reversemarginfalse
* (1in=72.27pt=25.4mm, 1cm=28.453pt)

Package caption Info: Begin \AtBeginDocument code.
Package caption Info: End \AtBeginDocument code.
LaTeX Font Info:    Font shape `OT1/fosj/m/n' will be
(Font)              scaled to size 16.41594pt on input line 118.
LaTeX Font Info:    Font shape `OT1/fosj/m/n' will be
(Font)              scaled to size 4.74998pt on input line 118.
LaTeX Font Info:    Font shape `OT1/fosj/m/n' will be
(Font)              scaled to size 11.39996pt on input line 118.
LaTeX Font Info:    Try loading font information for U+msa on input line 118.
("C:\Program Files\MiKTeX 2.9\tex\latex\amsfonts\umsa.fd"
File: umsa.fd 2013/01/14 v3.01 AMS symbols A
)
LaTeX Font Info:    Try loading font information for U+msb on input line 118.

("C:\Program Files\MiKTeX 2.9\tex\latex\amsfonts\umsb.fd"
File: umsb.fd 2013/01/14 v3.01 AMS symbols B
)
LaTeX Font Info:    Try loading font information for TS1+fosj on input line 118
.

(C:\Users\90919620\AppData\Roaming\MiKTeX\2.9\tex\latex\opensans\ts1fosj.fd
File: ts1fosj.fd 2011/11/11 Fontinst v1.927 font definitions for TS1/fosj.
)
LaTeX Font Info:    Font shape `TS1/fosj/m/n' will be
(Font)              scaled to size 11.39996pt on input line 118.
LaTeX Font Info:    Font shape `TS1/fosj/m/n' will be
(Font)              scaled to size 7.59998pt on input line 118.
LaTeX Font Info:    Font shape `TS1/fosj/m/n' will be
(Font)              scaled to size 5.69998pt on input line 118.
LaTeX Font Info:    Font shape `OT1/fosj/m/n' will be
(Font)              scaled to size 7.59998pt on input line 118.
LaTeX Font Info:    Font shape `OT1/fosj/m/n' will be
(Font)              scaled to size 13.67995pt on input line 127.
LaTeX Font Info:    Font shape `OT1/fosj/bx/n' in size <14.4> not available
(Font)              Font shape `OT1/fosj/b/n' tried instead on input line 127.
LaTeX Font Info:    Font shape `OT1/fosj/b/n' will be
(Font)              scaled to size 13.67995pt on input line 127.
LaTeX Font Info:    Font shape `OT1/fosj/m/it' will be
(Font)              scaled to size 9.49997pt on input line 129.

[1

{C:/Users/90919620/AppData/Local/MiKTeX/2.9/pdftex/config/pdftex.map}]
LaTeX Font Info:    Font shape `TS1/fosj/m/n' will be
(Font)              scaled to size 9.49997pt on input line 140.
LaTeX Font Info:    Font shape `TS1/fosj/m/n' will be
(Font)              scaled to size 6.64998pt on input line 140.
LaTeX Font Info:    Font shape `TS1/fosj/m/n' will be
(Font)              scaled to size 4.74998pt on input line 140.
LaTeX Font Info:    Font shape `OT1/fosj/m/n' will be
(Font)              scaled to size 6.64998pt on input line 140.
Missing character: There is no â in font OpenSans-Regular-OSFigures-ot1!
Missing character: There is no € in font OpenSans-Regular-OSFigures-ot1!
Missing character: There is no ˜ in font OpenSans-Regular-OSFigures-ot1!
Missing character: There is no â in font OpenSans-Regular-OSFigures-ot1!
Missing character: There is no € in font OpenSans-Regular-OSFigures-ot1!
Missing character: There is no ™ in font OpenSans-Regular-OSFigures-ot1!

[2]
Missing character: There is no â in font OpenSans-Regular-OSFigures-ot1!
Missing character: There is no € in font OpenSans-Regular-OSFigures-ot1!
Missing character: There is no ˜ in font OpenSans-Regular-OSFigures-ot1!
Missing character: There is no â in font OpenSans-Regular-OSFigures-ot1!
Missing character: There is no € in font OpenSans-Regular-OSFigures-ot1!
Missing character: There is no ™ in font OpenSans-Regular-OSFigures-ot1!
LaTeX Font Info:    Font shape `OT1/fosj/bx/n' in size <10> not available
(Font)              Font shape `OT1/fosj/b/n' tried instead on input line 158.
LaTeX Font Info:    Font shape `OT1/fosj/b/n' will be
(Font)              scaled to size 9.49997pt on input line 158.
LaTeX Font Info:    Font shape `OT1/fosj/bx/it' in size <10> not available
(Font)              Font shape `OT1/fosj/b/it' tried instead on input line 158.

LaTeX Font Info:    Font shape `OT1/fosj/b/it' will be
(Font)              scaled to size 9.49997pt on input line 158.
 [3]
LaTeX Font Info:    Try loading font information for OML+fosj on input line 170
.
LaTeX Font Info:    No file OMLfosj.fd. on input line 170.


LaTeX Font Warning: Font shape `OML/fosj/m/n' undefined
(Font)              using `OML/cmm/m/it' instead
(Font)              for symbol `textless' on input line 170.

LaTeX Font Info:    Try loading font information for LGR+fosj on input line 174
.
(C:\Users\90919620\AppData\Roaming\MiKTeX\2.9\tex\latex\opensans\lgrfosj.fd
File: lgrfosj.fd 2011/11/11 Fontinst v1.927 font definitions for LGR/fosj.
)
LaTeX Font Info:    Font shape `LGR/fosj/m/n' will be
(Font)              scaled to size 9.49997pt on input line 174.

[4] [5] [6]
Missing character: There is no â in font OpenSans-Regular-OSFigures-ot1!
Missing character: There is no € in font OpenSans-Regular-OSFigures-ot1!
Missing character: There is no ™ in font OpenSans-Regular-OSFigures-ot1!
 [7] [8] [9] [10]
Missing character: There is no â in font OpenSans-Regular-OSFigures-ot1!
Missing character: There is no € in font OpenSans-Regular-OSFigures-ot1!
Missing character: There is no ˜ in font OpenSans-Regular-OSFigures-ot1!
Missing character: There is no â in font OpenSans-Regular-OSFigures-ot1!
Missing character: There is no € in font OpenSans-Regular-OSFigures-ot1!
Missing character: There is no ™ in font OpenSans-Regular-OSFigures-ot1!
 [11]
Overfull \hbox (75.51462pt too wide) in paragraph at lines 286--301
 [][] 
 []

[12] [13] [14] <./figures/airvars.pdf, id=57, 505.89pt x 504.88625pt>
File: ./figures/airvars.pdf Graphic file (type pdf)

<use ./figures/airvars.pdf>
Package pdftex.def Info: ./figures/airvars.pdf used on input line 340.
(pdftex.def)             Requested size: 422.52577pt x 421.6979pt.

<./figures/allometry.pdf, id=58, 483.8075pt x 690.58pt>
File: ./figures/allometry.pdf Graphic file (type pdf)

<use ./figures/allometry.pdf>
Package pdftex.def Info: ./figures/allometry.pdf used on input line 348.
(pdftex.def)             Requested size: 422.52577pt x 603.12851pt.


LaTeX Warning: `!h' float specifier changed to `!ht'.

<./figures/massfractions.pdf, id=59, 474.77374pt x 690.58pt>
File: ./figures/massfractions.pdf Graphic file (type pdf)

<use ./figures/massfractions.pdf>
Package pdftex.def Info: ./figures/massfractions.pdf used on input line 356.
(pdftex.def)             Requested size: 422.52577pt x 614.60373pt.


LaTeX Warning: Float too large for page by 22.2734pt on input line 359.


LaTeX Warning: `!h' float specifier changed to `!ht'.

<./figures/Asat.pdf, id=60, 505.89pt x 360.34625pt>
File: ./figures/Asat.pdf Graphic file (type pdf)
 <use ./figures/Asat.pdf>
Package pdftex.def Info: ./figures/Asat.pdf used on input line 364.
(pdftex.def)             Requested size: 422.52577pt x 300.97327pt.


LaTeX Warning: `!h' float specifier changed to `!ht'.

<./figures/A_leafchem.pdf, id=61, 722.7pt x 505.89pt>
File: ./figures/A_leafchem.pdf Graphic file (type pdf)

<use ./figures/A_leafchem.pdf>
Package pdftex.def Info: ./figures/A_leafchem.pdf used on input line 372.
(pdftex.def)             Requested size: 422.52577pt x 295.77077pt.


LaTeX Warning: `!h' float specifier changed to `!ht'.

<./figures/massmodel_totalC.pdf, id=62, 505.89pt x 578.16pt>
File: ./figures/massmodel_totalC.pdf Graphic file (type pdf)

<use ./figures/massmodel_totalC.pdf>
Package pdftex.def Info: ./figures/massmodel_totalC.pdf used on input line 380.

(pdftex.def)             Requested size: 422.52577pt x 482.89862pt.


LaTeX Warning: `!h' float specifier changed to `!ht'.

[15

 <C:/Users/90919620/github_repos/pve_manuscript/manuscript/figures/airvars.pdf>
]

LaTeX Warning: Text page 16 contains only floats.


Overfull \vbox (0.79819pt too high) has occurred while \output is active []


[16 <C:/Users/90919620/github_repos/pve_manuscript/manuscript/figures/allometry
.pdf>] [17 <C:/Users/90919620/github_repos/pve_manuscript/manuscript/figures/ma
ssfractions.pdf>] [18 <C:/Users/90919620/github_repos/pve_manuscript/manuscript
/figures/Asat.pdf>] [19 <C:/Users/90919620/github_repos/pve_manuscript/manuscri
pt/figures/A_leafchem.pdf>] [20 <C:/Users/90919620/github_repos/pve_manuscript/
manuscript/figures/massmodel_totalC.pdf>]
<./figures/massmodel_resp.pdf, id=128, 483.8075pt x 690.58pt>
File: ./figures/massmodel_resp.pdf Graphic file (type pdf)

<use ./figures/massmodel_resp.pdf>
Package pdftex.def Info: ./figures/massmodel_resp.pdf used on input line 396.
(pdftex.def)             Requested size: 422.52577pt x 603.12851pt.


LaTeX Warning: Float too large for page by 10.79819pt on input line 399.


LaTeX Warning: `!h' float specifier changed to `!ht'.


Overfull \hbox (39.99333pt too wide) in paragraph at lines 405--435
 [][] 
 []

[21

] [22 <C:/Users/90919620/github_repos/pve_manuscript/manuscript/figures/massmod
el_resp.pdf>]
(C:\Users\90919620\github_repos\pve_manuscript\manuscript\pve_manuscript.bbl
Missing character: There is no â in font OpenSans-Regular-OSFigures-ot1!
Missing character: There is no € in font OpenSans-Regular-OSFigures-ot1!
Missing character: There is no ™ in font OpenSans-Regular-OSFigures-ot1!

[23

] [24] [25]
LaTeX Font Info:    Try loading font information for OMS+fosj on input line 400
.
LaTeX Font Info:    No file OMSfosj.fd. on input line 400.


LaTeX Font Warning: Font shape `OMS/fosj/m/it' undefined
(Font)              using `OMS/cmsy/m/n' instead
(Font)              for symbol `textbraceleft' on input line 400.

Missing character: There is no â in font OpenSans-Regular-OSFigures-ot1!
Missing character: There is no € in font OpenSans-Regular-OSFigures-ot1!
Missing character: There is no ˜ in font OpenSans-Regular-OSFigures-ot1!
Missing character: There is no â in font OpenSans-Regular-OSFigures-ot1!
Missing character: There is no € in font OpenSans-Regular-OSFigures-ot1!
Missing character: There is no ™ in font OpenSans-Regular-OSFigures-ot1!
Missing character: There is no â in font OpenSans-Regular-OSFigures-ot1!
Missing character: There is no € in font OpenSans-Regular-OSFigures-ot1!
Missing character: There is no ™ in font OpenSans-Regular-OSFigures-ot1!
[26]) [27]
(C:\Users\90919620\github_repos\pve_manuscript\manuscript\pve_manuscript.aux)

LaTeX Font Warning: Some font shapes were not available, defaults substituted.

 ) 
Here is how much of TeX's memory you used:
 6383 strings out of 493921
 101862 string characters out of 3147273
 152651 words of memory out of 3000000
 9520 multiletter control sequences out of 15000+200000
 37505 words of font info for 95 fonts, out of 3000000 for 9000
 841 hyphenation exceptions out of 8191
 36i,14n,38p,3137b,411s stack positions out of 5000i,500n,10000p,200000b,50000s
{C:/Users/90919620/AppData/Roaming/MiKTeX/2.9/fonts/enc/dvips/opensans/opensa
ns-04.enc}{C:/Users/90919620/AppData/Roaming/MiKTeX/2.9/fonts/enc/dvips/opensan
s/opensans-02.enc}{C:/Users/90919620/AppData/Roaming/MiKTeX/2.9/fonts/enc/dvips
/opensans/opensans-01.enc}{C:/Users/90919620/AppData/Roaming/MiKTeX/2.9/fonts/e
nc/dvips/opensans/opensans-03.enc}<C:/Users/90919620/AppData/Roaming/MiKTeX/2.9
/fonts/type1/public/opensans/OpenSans-Bold.pfb><C:/Users/90919620/AppData/Roami
ng/MiKTeX/2.9/fonts/type1/public/opensans/OpenSans-BoldItalic.pfb><C:/Users/909
19620/AppData/Roaming/MiKTeX/2.9/fonts/type1/public/opensans/OpenSans-Italic.pf
b><C:/Users/90919620/AppData/Roaming/MiKTeX/2.9/fonts/type1/public/opensans/Ope
nSans-Regular.pfb><C:/Program Files/MiKTeX 2.9/fonts/type1/public/amsfonts/cm/c
mmi10.pfb><C:/Program Files/MiKTeX 2.9/fonts/type1/public/amsfonts/cm/cmr10.pfb
><C:/Program Files/MiKTeX 2.9/fonts/type1/public/amsfonts/cm/cmsy10.pfb><C:/Pro
gram Files/MiKTeX 2.9/fonts/type1/public/amsfonts/cm/cmtt10.pfb>
Output written on pve_manuscript.pdf (27 pages, 313854 bytes).
PDF statistics:
 200 PDF objects out of 1000 (max. 8388607)
 0 named destinations out of 1000 (max. 500000)
 36 words of extra memory for PDF output out of 10000 (max. 10000000)

